AH00558: apache2: Could not reliably determine the server's fully qualified domain name, using 172.19.0.3. Set the 'ServerName' directive globally to suppress this message
[Mon Oct 08 18:24:39.232027 2018] [mpm_prefork:notice] [pid 1] AH00163: Apache/2.4.25 (Debian) configured -- resuming normal operations
[Mon Oct 08 18:24:39.232572 2018] [core:notice] [pid 1] AH00094: Command line: 'apache2 -D FOREGROUND'
[Mon Oct 08 18:25:16.293523 2018] [mpm_prefork:notice] [pid 1] AH00169: caught SIGTERM, shutting down
AH00558: apache2: Could not reliably determine the server's fully qualified domain name, using 172.19.0.3. Set the 'ServerName' directive globally to suppress this message
[Mon Oct 08 18:25:32.302624 2018] [mpm_prefork:notice] [pid 1] AH00163: Apache/2.4.25 (Debian) configured -- resuming normal operations
[Mon Oct 08 18:25:32.303034 2018] [core:notice] [pid 1] AH00094: Command line: 'apache2 -D FOREGROUND'
[Mon Oct 08 18:27:12.656589 2018] [mpm_prefork:notice] [pid 1] AH00169: caught SIGTERM, shutting down
AH00558: apache2: Could not reliably determine the server's fully qualified domain name, using 172.19.0.3. Set the 'ServerName' directive globally to suppress this message
[Mon Oct 08 18:27:19.129819 2018] [mpm_prefork:notice] [pid 1] AH00163: Apache/2.4.25 (Debian) configured -- resuming normal operations
[Mon Oct 08 18:27:19.130099 2018] [core:notice] [pid 1] AH00094: Command line: 'apache2 -D FOREGROUND'
[Mon Oct 08 18:27:25.253928 2018] [mpm_prefork:notice] [pid 1] AH00169: caught SIGTERM, shutting down
AH00558: apache2: Could not reliably determine the server's fully qualified domain name, using 172.19.0.3. Set the 'ServerName' directive globally to suppress this message
[Mon Oct 08 18:27:41.836026 2018] [mpm_prefork:notice] [pid 1] AH00163: Apache/2.4.25 (Debian) configured -- resuming normal operations
[Mon Oct 08 18:27:41.836286 2018] [core:notice] [pid 1] AH00094: Command line: 'apache2 -D FOREGROUND'
[Mon Oct 08 18:28:06.315143 2018] [mpm_prefork:notice] [pid 1] AH00169: caught SIGTERM, shutting down
AH00558: apache2: Could not reliably determine the server's fully qualified domain name, using 172.19.0.3. Set the 'ServerName' directive globally to suppress this message
[Mon Oct 08 18:28:18.533905 2018] [mpm_prefork:notice] [pid 1] AH00163: Apache/2.4.25 (Debian) configured -- resuming normal operations
[Mon Oct 08 18:28:18.534201 2018] [core:notice] [pid 1] AH00094: Command line: 'apache2 -D FOREGROUND'
[Mon Oct 08 18:29:59.868159 2018] [mpm_prefork:notice] [pid 1] AH00169: caught SIGTERM, shutting down
AH00558: apache2: Could not reliably determine the server's fully qualified domain name, using 172.19.0.3. Set the 'ServerName' directive globally to suppress this message
[Mon Oct 08 18:30:06.308657 2018] [mpm_prefork:notice] [pid 1] AH00163: Apache/2.4.25 (Debian) configured -- resuming normal operations
[Mon Oct 08 18:30:06.308952 2018] [core:notice] [pid 1] AH00094: Command line: 'apache2 -D FOREGROUND'
[Mon Oct 08 18:31:32.489282 2018] [mpm_prefork:notice] [pid 1] AH00169: caught SIGTERM, shutting down
AH00558: apache2: Could not reliably determine the server's fully qualified domain name, using 172.19.0.3. Set the 'ServerName' directive globally to suppress this message
[Mon Oct 08 18:31:39.195778 2018] [mpm_prefork:notice] [pid 1] AH00163: Apache/2.4.25 (Debian) configured -- resuming normal operations
[Mon Oct 08 18:31:39.196171 2018] [core:notice] [pid 1] AH00094: Command line: 'apache2 -D FOREGROUND'
[Mon Oct 08 18:31:48.625485 2018] [autoindex:error] [pid 16] [client 172.19.0.1:57488] AH01276: Cannot serve directory /var/www/html/: No matching DirectoryIndex (index.php,index.html) found, and server-generated directory index forbidden by Options directive
[Mon Oct 08 18:31:50.276490 2018] [autoindex:error] [pid 16] [client 172.19.0.1:57488] AH01276: Cannot serve directory /var/www/html/: No matching DirectoryIndex (index.php,index.html) found, and server-generated directory index forbidden by Options directive
[Mon Oct 08 18:31:50.747751 2018] [autoindex:error] [pid 16] [client 172.19.0.1:57488] AH01276: Cannot serve directory /var/www/html/: No matching DirectoryIndex (index.php,index.html) found, and server-generated directory index forbidden by Options directive
[Mon Oct 08 18:31:51.025527 2018] [autoindex:error] [pid 16] [client 172.19.0.1:57488] AH01276: Cannot serve directory /var/www/html/: No matching DirectoryIndex (index.php,index.html) found, and server-generated directory index forbidden by Options directive
[Mon Oct 08 18:32:17.407796 2018] [mpm_prefork:notice] [pid 1] AH00169: caught SIGTERM, shutting down
AH00558: apache2: Could not reliably determine the server's fully qualified domain name, using 172.19.0.3. Set the 'ServerName' directive globally to suppress this message
[Mon Oct 08 18:32:26.300558 2018] [mpm_prefork:notice] [pid 1] AH00163: Apache/2.4.25 (Debian) configured -- resuming normal operations
[Mon Oct 08 18:32:26.300888 2018] [core:notice] [pid 1] AH00094: Command line: 'apache2 -D FOREGROUND'
[Mon Oct 08 18:33:09.832917 2018] [mpm_prefork:notice] [pid 1] AH00169: caught SIGTERM, shutting down
AH00558: apache2: Could not reliably determine the server's fully qualified domain name, using 172.19.0.3. Set the 'ServerName' directive globally to suppress this message
[Mon Oct 08 18:33:15.443394 2018] [mpm_prefork:notice] [pid 1] AH00163: Apache/2.4.25 (Debian) configured -- resuming normal operations
[Mon Oct 08 18:33:15.443665 2018] [core:notice] [pid 1] AH00094: Command line: 'apache2 -D FOREGROUND'
[Mon Oct 08 18:35:39.535870 2018] [mpm_prefork:notice] [pid 1] AH00169: caught SIGTERM, shutting down
AH00558: apache2: Could not reliably determine the server's fully qualified domain name, using 172.19.0.3. Set the 'ServerName' directive globally to suppress this message
[Mon Oct 08 18:35:45.152471 2018] [mpm_prefork:notice] [pid 1] AH00163: Apache/2.4.25 (Debian) configured -- resuming normal operations
[Mon Oct 08 18:35:45.152771 2018] [core:notice] [pid 1] AH00094: Command line: 'apache2 -D FOREGROUND'
[Mon Oct 08 18:36:26.988115 2018] [mpm_prefork:notice] [pid 1] AH00169: caught SIGTERM, shutting down
AH00558: apache2: Could not reliably determine the server's fully qualified domain name, using 172.19.0.3. Set the 'ServerName' directive globally to suppress this message
[Mon Oct 08 18:36:35.279429 2018] [mpm_prefork:notice] [pid 1] AH00163: Apache/2.4.25 (Debian) configured -- resuming normal operations
[Mon Oct 08 18:36:35.279834 2018] [core:notice] [pid 1] AH00094: Command line: 'apache2 -D FOREGROUND'
[Mon Oct 08 18:38:36.313505 2018] [autoindex:error] [pid 20] [client 172.19.0.1:57500] AH01276: Cannot serve directory /var/www/html/: No matching DirectoryIndex (index.php,index.html) found, and server-generated directory index forbidden by Options directive
[Mon Oct 08 18:39:21.638756 2018] [mpm_prefork:notice] [pid 1] AH00169: caught SIGTERM, shutting down
AH00558: apache2: Could not reliably determine the server's fully qualified domain name, using 172.19.0.3. Set the 'ServerName' directive globally to suppress this message
[Mon Oct 08 18:39:28.499078 2018] [mpm_prefork:notice] [pid 1] AH00163: Apache/2.4.25 (Debian) configured -- resuming normal operations
[Mon Oct 08 18:39:28.499396 2018] [core:notice] [pid 1] AH00094: Command line: 'apache2 -D FOREGROUND'
[Mon Oct 08 18:42:21.514915 2018] [mpm_prefork:notice] [pid 1] AH00169: caught SIGTERM, shutting down
AH00558: apache2: Could not reliably determine the server's fully qualified domain name, using 172.19.0.3. Set the 'ServerName' directive globally to suppress this message
[Mon Oct 08 18:42:27.796821 2018] [mpm_prefork:notice] [pid 1] AH00163: Apache/2.4.25 (Debian) configured -- resuming normal operations
[Mon Oct 08 18:42:27.797088 2018] [core:notice] [pid 1] AH00094: Command line: 'apache2 -D FOREGROUND'
[Mon Oct 08 18:42:41.237448 2018] [autoindex:error] [pid 16] [client 172.19.0.1:57508] AH01276: Cannot serve directory /var/www/html/: No matching DirectoryIndex (index.php,index.html) found, and server-generated directory index forbidden by Options directive
[Mon Oct 08 18:42:48.709380 2018] [mpm_prefork:notice] [pid 1] AH00169: caught SIGTERM, shutting down
AH00558: apache2: Could not reliably determine the server's fully qualified domain name, using 172.19.0.3. Set the 'ServerName' directive globally to suppress this message
[Mon Oct 08 18:42:54.750550 2018] [mpm_prefork:notice] [pid 1] AH00163: Apache/2.4.25 (Debian) configured -- resuming normal operations
[Mon Oct 08 18:42:54.750844 2018] [core:notice] [pid 1] AH00094: Command line: 'apache2 -D FOREGROUND'
[Mon Oct 08 18:44:22.731794 2018] [mpm_prefork:notice] [pid 1] AH00169: caught SIGTERM, shutting down
AH00558: apache2: Could not reliably determine the server's fully qualified domain name, using 172.19.0.3. Set the 'ServerName' directive globally to suppress this message
[Mon Oct 08 18:44:28.146167 2018] [mpm_prefork:notice] [pid 1] AH00163: Apache/2.4.25 (Debian) configured -- resuming normal operations
[Mon Oct 08 18:44:28.146773 2018] [core:notice] [pid 1] AH00094: Command line: 'apache2 -D FOREGROUND'
[Mon Oct 08 18:45:36.793890 2018] [mpm_prefork:notice] [pid 1] AH00169: caught SIGTERM, shutting down
AH00558: apache2: Could not reliably determine the server's fully qualified domain name, using 172.20.0.4. Set the 'ServerName' directive globally to suppress this message
[Mon Oct 08 18:47:45.972507 2018] [mpm_prefork:notice] [pid 1] AH00163: Apache/2.4.25 (Debian) configured -- resuming normal operations
[Mon Oct 08 18:47:45.973527 2018] [core:notice] [pid 1] AH00094: Command line: 'apache2 -D FOREGROUND'
[Mon Oct 08 18:48:47.534040 2018] [mpm_prefork:notice] [pid 1] AH00169: caught SIGTERM, shutting down
AH00558: apache2: Could not reliably determine the server's fully qualified domain name, using 172.20.0.4. Set the 'ServerName' directive globally to suppress this message
[Mon Oct 08 18:48:52.996466 2018] [mpm_prefork:notice] [pid 1] AH00163: Apache/2.4.25 (Debian) configured -- resuming normal operations
[Mon Oct 08 18:48:52.996786 2018] [core:notice] [pid 1] AH00094: Command line: 'apache2 -D FOREGROUND'
[Mon Oct 08 18:51:42.289229 2018] [mpm_prefork:notice] [pid 1] AH00169: caught SIGTERM, shutting down
AH00558: apache2: Could not reliably determine the server's fully qualified domain name, using 172.20.0.3. Set the 'ServerName' directive globally to suppress this message
[Mon Oct 08 18:51:56.792517 2018] [mpm_prefork:notice] [pid 1] AH00163: Apache/2.4.25 (Debian) configured -- resuming normal operations
[Mon Oct 08 18:51:56.792927 2018] [core:notice] [pid 1] AH00094: Command line: 'apache2 -D FOREGROUND'
[Mon Oct 08 18:55:15.014971 2018] [mpm_prefork:notice] [pid 1] AH00169: caught SIGTERM, shutting down
AH00558: apache2: Could not reliably determine the server's fully qualified domain name, using 172.20.0.3. Set the 'ServerName' directive globally to suppress this message
[Mon Oct 08 18:55:21.220614 2018] [mpm_prefork:notice] [pid 1] AH00163: Apache/2.4.25 (Debian) configured -- resuming normal operations
[Mon Oct 08 18:55:21.220897 2018] [core:notice] [pid 1] AH00094: Command line: 'apache2 -D FOREGROUND'
[Mon Oct 08 18:59:41.034236 2018] [mpm_prefork:notice] [pid 1] AH00169: caught SIGTERM, shutting down
AH00558: apache2: Could not reliably determine the server's fully qualified domain name, using 172.20.0.3. Set the 'ServerName' directive globally to suppress this message
[Mon Oct 08 19:00:02.748530 2018] [mpm_prefork:notice] [pid 1] AH00163: Apache/2.4.25 (Debian) configured -- resuming normal operations
[Mon Oct 08 19:00:02.748901 2018] [core:notice] [pid 1] AH00094: Command line: 'apache2 -D FOREGROUND'
[Mon Oct 08 19:02:10.528714 2018] [mpm_prefork:notice] [pid 1] AH00169: caught SIGTERM, shutting down
AH00558: apache2: Could not reliably determine the server's fully qualified domain name, using 172.20.0.3. Set the 'ServerName' directive globally to suppress this message
[Mon Oct 08 19:02:35.961342 2018] [mpm_prefork:notice] [pid 1] AH00163: Apache/2.4.25 (Debian) configured -- resuming normal operations
[Mon Oct 08 19:02:35.961623 2018] [core:notice] [pid 1] AH00094: Command line: 'apache2 -D FOREGROUND'
[Mon Oct 08 19:03:00.892786 2018] [mpm_prefork:notice] [pid 1] AH00169: caught SIGTERM, shutting down
AH00558: apache2: Could not reliably determine the server's fully qualified domain name, using 172.20.0.3. Set the 'ServerName' directive globally to suppress this message
[Mon Oct 08 19:03:05.542938 2018] [mpm_prefork:notice] [pid 1] AH00163: Apache/2.4.25 (Debian) configured -- resuming normal operations
[Mon Oct 08 19:03:05.543718 2018] [core:notice] [pid 1] AH00094: Command line: 'apache2 -D FOREGROUND'
[Mon Oct 08 19:03:14.387974 2018] [autoindex:error] [pid 16] [client 172.20.0.1:47944] AH01276: Cannot serve directory /var/www/html/: No matching DirectoryIndex (index.php,index.html) found, and server-generated directory index forbidden by Options directive
[Mon Oct 08 19:03:17.236587 2018] [autoindex:error] [pid 17] [client 172.20.0.1:47948] AH01276: Cannot serve directory /var/www/html/: No matching DirectoryIndex (index.php,index.html) found, and server-generated directory index forbidden by Options directive
[Mon Oct 08 19:03:52.407360 2018] [mpm_prefork:notice] [pid 1] AH00169: caught SIGTERM, shutting down
AH00558: apache2: Could not reliably determine the server's fully qualified domain name, using 172.20.0.3. Set the 'ServerName' directive globally to suppress this message
[Mon Oct 08 19:03:57.025833 2018] [mpm_prefork:notice] [pid 1] AH00163: Apache/2.4.25 (Debian) configured -- resuming normal operations
[Mon Oct 08 19:03:57.026223 2018] [core:notice] [pid 1] AH00094: Command line: 'apache2 -D FOREGROUND'
[Mon Oct 08 19:04:00.691983 2018] [mpm_prefork:notice] [pid 1] AH00169: caught SIGTERM, shutting down
AH00558: apache2: Could not reliably determine the server's fully qualified domain name, using 172.20.0.4. Set the 'ServerName' directive globally to suppress this message
[Mon Oct 08 19:04:28.212403 2018] [mpm_prefork:notice] [pid 1] AH00163: Apache/2.4.25 (Debian) configured -- resuming normal operations
[Mon Oct 08 19:04:28.213560 2018] [core:notice] [pid 1] AH00094: Command line: 'apache2 -D FOREGROUND'
[Mon Oct 08 19:07:23.853654 2018] [mpm_prefork:notice] [pid 1] AH00169: caught SIGTERM, shutting down
AH00558: apache2: Could not reliably determine the server's fully qualified domain name, using 172.20.0.4. Set the 'ServerName' directive globally to suppress this message
[Mon Oct 08 19:07:31.239690 2018] [mpm_prefork:notice] [pid 1] AH00163: Apache/2.4.25 (Debian) configured -- resuming normal operations
[Mon Oct 08 19:07:31.240056 2018] [core:notice] [pid 1] AH00094: Command line: 'apache2 -D FOREGROUND'
[Mon Oct 08 19:07:48.154588 2018] [mpm_prefork:notice] [pid 1] AH00169: caught SIGTERM, shutting down
AH00558: apache2: Could not reliably determine the server's fully qualified domain name, using 172.20.0.4. Set the 'ServerName' directive globally to suppress this message
[Mon Oct 08 19:07:49.805879 2018] [mpm_prefork:notice] [pid 1] AH00163: Apache/2.4.25 (Debian) configured -- resuming normal operations
[Mon Oct 08 19:07:49.806175 2018] [core:notice] [pid 1] AH00094: Command line: 'apache2 -D FOREGROUND'
[Mon Oct 08 19:07:53.015794 2018] [mpm_prefork:notice] [pid 1] AH00169: caught SIGTERM, shutting down
AH00558: apache2: Could not reliably determine the server's fully qualified domain name, using 172.20.0.4. Set the 'ServerName' directive globally to suppress this message
[Mon Oct 08 19:07:59.984621 2018] [mpm_prefork:notice] [pid 1] AH00163: Apache/2.4.25 (Debian) configured -- resuming normal operations
[Mon Oct 08 19:07:59.984912 2018] [core:notice] [pid 1] AH00094: Command line: 'apache2 -D FOREGROUND'
[Mon Oct 08 19:10:40.401884 2018] [mpm_prefork:notice] [pid 1] AH00169: caught SIGTERM, shutting down
AH00558: apache2: Could not reliably determine the server's fully qualified domain name, using 172.20.0.4. Set the 'ServerName' directive globally to suppress this message
[Mon Oct 08 19:11:30.178631 2018] [mpm_prefork:notice] [pid 1] AH00163: Apache/2.4.25 (Debian) configured -- resuming normal operations
[Mon Oct 08 19:11:30.178896 2018] [core:notice] [pid 1] AH00094: Command line: 'apache2 -D FOREGROUND'
[Mon Oct 08 19:12:52.980240 2018] [mpm_prefork:notice] [pid 1] AH00169: caught SIGTERM, shutting down
AH00558: apache2: Could not reliably determine the server's fully qualified domain name, using 172.20.0.4. Set the 'ServerName' directive globally to suppress this message
[Mon Oct 08 19:12:59.286779 2018] [mpm_prefork:notice] [pid 1] AH00163: Apache/2.4.25 (Debian) configured -- resuming normal operations
[Mon Oct 08 19:12:59.287054 2018] [core:notice] [pid 1] AH00094: Command line: 'apache2 -D FOREGROUND'
[Mon Oct 08 19:13:03.297339 2018] [autoindex:error] [pid 17] [client 172.20.0.1:48582] AH01276: Cannot serve directory /var/www/html/: No matching DirectoryIndex (index.php,index.html) found, and server-generated directory index forbidden by Options directive
[Mon Oct 08 19:13:04.182927 2018] [autoindex:error] [pid 17] [client 172.20.0.1:48582] AH01276: Cannot serve directory /var/www/html/: No matching DirectoryIndex (index.php,index.html) found, and server-generated directory index forbidden by Options directive
[Mon Oct 08 19:13:20.456262 2018] [mpm_prefork:notice] [pid 1] AH00169: caught SIGTERM, shutting down
AH00558: apache2: Could not reliably determine the server's fully qualified domain name, using 172.20.0.4. Set the 'ServerName' directive globally to suppress this message
[Mon Oct 08 19:13:26.934039 2018] [mpm_prefork:notice] [pid 1] AH00163: Apache/2.4.25 (Debian) configured -- resuming normal operations
[Mon Oct 08 19:13:26.934318 2018] [core:notice] [pid 1] AH00094: Command line: 'apache2 -D FOREGROUND'
[Mon Oct 08 19:18:52.198543 2018] [mpm_prefork:notice] [pid 1] AH00169: caught SIGTERM, shutting down
AH00558: apache2: Could not reliably determine the server's fully qualified domain name, using 172.20.0.4. Set the 'ServerName' directive globally to suppress this message
[Mon Oct 08 19:18:59.220120 2018] [mpm_prefork:notice] [pid 1] AH00163: Apache/2.4.25 (Debian) configured -- resuming normal operations
[Mon Oct 08 19:18:59.220445 2018] [core:notice] [pid 1] AH00094: Command line: 'apache2 -D FOREGROUND'
[Mon Oct 08 19:26:34.107984 2018] [mpm_prefork:notice] [pid 1] AH00169: caught SIGTERM, shutting down
AH00558: apache2: Could not reliably determine the server's fully qualified domain name, using 172.21.0.3. Set the 'ServerName' directive globally to suppress this message
[Mon Oct 08 19:31:46.207370 2018] [mpm_prefork:notice] [pid 1] AH00163: Apache/2.4.25 (Debian) configured -- resuming normal operations
[Mon Oct 08 19:31:46.208253 2018] [core:notice] [pid 1] AH00094: Command line: 'apache2 -D FOREGROUND'
[Mon Oct 08 19:31:51.313009 2018] [mpm_prefork:notice] [pid 1] AH00169: caught SIGTERM, shutting down
AH00558: apache2: Could not reliably determine the server's fully qualified domain name, using 172.21.0.3. Set the 'ServerName' directive globally to suppress this message
[Mon Oct 08 19:31:57.545854 2018] [mpm_prefork:notice] [pid 1] AH00163: Apache/2.4.25 (Debian) configured -- resuming normal operations
[Mon Oct 08 19:31:57.546123 2018] [core:notice] [pid 1] AH00094: Command line: 'apache2 -D FOREGROUND'
[Mon Oct 08 19:33:07.982663 2018] [mpm_prefork:notice] [pid 1] AH00169: caught SIGTERM, shutting down
AH00558: apache2: Could not reliably determine the server's fully qualified domain name, using 172.21.0.3. Set the 'ServerName' directive globally to suppress this message
[Mon Oct 08 19:33:59.540481 2018] [mpm_prefork:notice] [pid 1] AH00163: Apache/2.4.25 (Debian) configured -- resuming normal operations
[Mon Oct 08 19:33:59.540742 2018] [core:notice] [pid 1] AH00094: Command line: 'apache2 -D FOREGROUND'
[Mon Oct 08 19:34:28.078526 2018] [mpm_prefork:notice] [pid 1] AH00169: caught SIGTERM, shutting down
AH00558: apache2: Could not reliably determine the server's fully qualified domain name, using 172.21.0.3. Set the 'ServerName' directive globally to suppress this message
[Mon Oct 08 19:34:34.565031 2018] [mpm_prefork:notice] [pid 1] AH00163: Apache/2.4.25 (Debian) configured -- resuming normal operations
[Mon Oct 08 19:34:34.565316 2018] [core:notice] [pid 1] AH00094: Command line: 'apache2 -D FOREGROUND'
[Mon Oct 08 19:35:27.763477 2018] [mpm_prefork:notice] [pid 1] AH00169: caught SIGTERM, shutting down
AH00558: apache2: Could not reliably determine the server's fully qualified domain name, using 172.21.0.4. Set the 'ServerName' directive globally to suppress this message
[Mon Oct 08 19:35:39.262354 2018] [mpm_prefork:notice] [pid 1] AH00163: Apache/2.4.25 (Debian) configured -- resuming normal operations
[Mon Oct 08 19:35:39.262765 2018] [core:notice] [pid 1] AH00094: Command line: 'apache2 -D FOREGROUND'
[Mon Oct 08 19:36:32.903418 2018] [mpm_prefork:notice] [pid 1] AH00169: caught SIGTERM, shutting down
AH00558: apache2: Could not reliably determine the server's fully qualified domain name, using 172.21.0.4. Set the 'ServerName' directive globally to suppress this message
[Mon Oct 08 19:36:39.664723 2018] [mpm_prefork:notice] [pid 1] AH00163: Apache/2.4.25 (Debian) configured -- resuming normal operations
[Mon Oct 08 19:36:39.665012 2018] [core:notice] [pid 1] AH00094: Command line: 'apache2 -D FOREGROUND'
[Mon Oct 08 19:37:21.038216 2018] [mpm_prefork:notice] [pid 1] AH00169: caught SIGTERM, shutting down
AH00558: apache2: Could not reliably determine the server's fully qualified domain name, using 172.21.0.4. Set the 'ServerName' directive globally to suppress this message
[Mon Oct 08 19:37:27.788069 2018] [mpm_prefork:notice] [pid 1] AH00163: Apache/2.4.25 (Debian) configured -- resuming normal operations
[Mon Oct 08 19:37:27.788377 2018] [core:notice] [pid 1] AH00094: Command line: 'apache2 -D FOREGROUND'
[Mon Oct 08 19:46:37.746533 2018] [mpm_prefork:notice] [pid 1] AH00169: caught SIGTERM, shutting down
AH00558: apache2: Could not reliably determine the server's fully qualified domain name, using 172.21.0.4. Set the 'ServerName' directive globally to suppress this message
[Mon Oct 08 19:47:06.545301 2018] [mpm_prefork:notice] [pid 1] AH00163: Apache/2.4.25 (Debian) configured -- resuming normal operations
[Mon Oct 08 19:47:06.545626 2018] [core:notice] [pid 1] AH00094: Command line: 'apache2 -D FOREGROUND'
AH00558: apache2: Could not reliably determine the server's fully qualified domain name, using 172.21.0.6. Set the 'ServerName' directive globally to suppress this message
[Mon Oct 08 19:49:18.074667 2018] [mpm_prefork:notice] [pid 1] AH00163: Apache/2.4.25 (Debian) configured -- resuming normal operations
[Mon Oct 08 19:49:18.074944 2018] [core:notice] [pid 1] AH00094: Command line: 'apache2 -D FOREGROUND'
[Mon Oct 08 19:53:06.337484 2018] [autoindex:error] [pid 20] [client 172.21.0.1:45302] AH01276: Cannot serve directory /var/www/html/: No matching DirectoryIndex (index.php,index.html) found, and server-generated directory index forbidden by Options directive
[Mon Oct 08 19:57:19.625859 2018] [mpm_prefork:notice] [pid 1] AH00169: caught SIGTERM, shutting down
AH00558: apache2: Could not reliably determine the server's fully qualified domain name, using 172.21.0.2. Set the 'ServerName' directive globally to suppress this message
[Mon Oct 08 19:57:21.602698 2018] [mpm_prefork:notice] [pid 1] AH00163: Apache/2.4.25 (Debian) configured -- resuming normal operations
[Mon Oct 08 19:57:21.602985 2018] [core:notice] [pid 1] AH00094: Command line: 'apache2 -D FOREGROUND'
[Mon Oct 08 19:57:23.426767 2018] [mpm_prefork:notice] [pid 1] AH00169: caught SIGTERM, shutting down
AH00558: apache2: Could not reliably determine the server's fully qualified domain name, using 172.21.0.3. Set the 'ServerName' directive globally to suppress this message
[Mon Oct 08 19:57:29.659074 2018] [mpm_prefork:notice] [pid 1] AH00163: Apache/2.4.25 (Debian) configured -- resuming normal operations
[Mon Oct 08 19:57:29.659365 2018] [core:notice] [pid 1] AH00094: Command line: 'apache2 -D FOREGROUND'
[Mon Oct 08 19:58:42.898161 2018] [mpm_prefork:notice] [pid 1] AH00169: caught SIGTERM, shutting down
AH00558: apache2: Could not reliably determine the server's fully qualified domain name, using 172.21.0.3. Set the 'ServerName' directive globally to suppress this message
[Mon Oct 08 19:58:49.577771 2018] [mpm_prefork:notice] [pid 1] AH00163: Apache/2.4.25 (Debian) configured -- resuming normal operations
[Mon Oct 08 19:58:49.578271 2018] [core:notice] [pid 1] AH00094: Command line: 'apache2 -D FOREGROUND'
[Mon Oct 08 20:02:32.295938 2018] [mpm_prefork:notice] [pid 1] AH00169: caught SIGTERM, shutting down
AH00558: apache2: Could not reliably determine the server's fully qualified domain name, using 172.21.0.3. Set the 'ServerName' directive globally to suppress this message
[Mon Oct 08 20:02:38.122779 2018] [mpm_prefork:notice] [pid 1] AH00163: Apache/2.4.25 (Debian) configured -- resuming normal operations
[Mon Oct 08 20:02:38.123112 2018] [core:notice] [pid 1] AH00094: Command line: 'apache2 -D FOREGROUND'
[Mon Oct 08 20:03:48.161931 2018] [mpm_prefork:notice] [pid 1] AH00169: caught SIGTERM, shutting down
AH00558: apache2: Could not reliably determine the server's fully qualified domain name, using 172.21.0.3. Set the 'ServerName' directive globally to suppress this message
[Mon Oct 08 20:03:54.102386 2018] [mpm_prefork:notice] [pid 1] AH00163: Apache/2.4.25 (Debian) configured -- resuming normal operations
[Mon Oct 08 20:03:54.102799 2018] [core:notice] [pid 1] AH00094: Command line: 'apache2 -D FOREGROUND'
[Mon Oct 08 20:09:07.323337 2018] [mpm_prefork:notice] [pid 1] AH00169: caught SIGTERM, shutting down
AH00558: apache2: Could not reliably determine the server's fully qualified domain name, using 172.24.0.3. Set the 'ServerName' directive globally to suppress this message
[Mon Oct 08 20:18:14.015854 2018] [mpm_prefork:notice] [pid 1] AH00163: Apache/2.4.25 (Debian) configured -- resuming normal operations
[Mon Oct 08 20:18:14.016184 2018] [core:notice] [pid 1] AH00094: Command line: 'apache2 -D FOREGROUND'
[Mon Oct 08 20:18:44.878986 2018] [mpm_prefork:notice] [pid 1] AH00169: caught SIGTERM, shutting down
AH00558: apache2: Could not reliably determine the server's fully qualified domain name, using 172.24.0.3. Set the 'ServerName' directive globally to suppress this message
[Mon Oct 08 20:18:48.631492 2018] [mpm_prefork:notice] [pid 1] AH00163: Apache/2.4.25 (Debian) configured -- resuming normal operations
[Mon Oct 08 20:18:48.631812 2018] [core:notice] [pid 1] AH00094: Command line: 'apache2 -D FOREGROUND'
[Mon Oct 08 20:19:14.571050 2018] [mpm_prefork:notice] [pid 1] AH00169: caught SIGTERM, shutting down
AH00558: apache2: Could not reliably determine the server's fully qualified domain name, using 172.24.0.3. Set the 'ServerName' directive globally to suppress this message
[Mon Oct 08 20:19:20.264130 2018] [mpm_prefork:notice] [pid 1] AH00163: Apache/2.4.25 (Debian) configured -- resuming normal operations
[Mon Oct 08 20:19:20.264418 2018] [core:notice] [pid 1] AH00094: Command line: 'apache2 -D FOREGROUND'
[Mon Oct 08 20:19:42.408480 2018] [mpm_prefork:notice] [pid 1] AH00169: caught SIGTERM, shutting down
AH00558: apache2: Could not reliably determine the server's fully qualified domain name, using 172.24.0.3. Set the 'ServerName' directive globally to suppress this message
[Mon Oct 08 20:19:48.671550 2018] [mpm_prefork:notice] [pid 1] AH00163: Apache/2.4.25 (Debian) configured -- resuming normal operations
[Mon Oct 08 20:19:48.671823 2018] [core:notice] [pid 1] AH00094: Command line: 'apache2 -D FOREGROUND'
[Mon Oct 08 20:20:49.381089 2018] [mpm_prefork:notice] [pid 1] AH00169: caught SIGTERM, shutting down
AH00558: apache2: Could not reliably determine the server's fully qualified domain name, using 172.24.0.3. Set the 'ServerName' directive globally to suppress this message
[Mon Oct 08 20:20:56.703322 2018] [mpm_prefork:notice] [pid 1] AH00163: Apache/2.4.25 (Debian) configured -- resuming normal operations
[Mon Oct 08 20:20:56.703622 2018] [core:notice] [pid 1] AH00094: Command line: 'apache2 -D FOREGROUND'
[Mon Oct 08 20:21:19.599659 2018] [autoindex:error] [pid 16] [client 172.24.0.1:50116] AH01276: Cannot serve directory /var/www/html/: No matching DirectoryIndex (index.php,index.html) found, and server-generated directory index forbidden by Options directive
[Mon Oct 08 20:21:52.440730 2018] [autoindex:error] [pid 18] [client 172.24.0.1:50120] AH01276: Cannot serve directory /var/www/html/: No matching DirectoryIndex (index.php,index.html) found, and server-generated directory index forbidden by Options directive
[Mon Oct 08 20:21:53.138474 2018] [autoindex:error] [pid 18] [client 172.24.0.1:50120] AH01276: Cannot serve directory /var/www/html/: No matching DirectoryIndex (index.php,index.html) found, and server-generated directory index forbidden by Options directive
[Mon Oct 08 20:21:53.535055 2018] [autoindex:error] [pid 18] [client 172.24.0.1:50120] AH01276: Cannot serve directory /var/www/html/: No matching DirectoryIndex (index.php,index.html) found, and server-generated directory index forbidden by Options directive
[Mon Oct 08 20:21:53.714480 2018] [autoindex:error] [pid 18] [client 172.24.0.1:50120] AH01276: Cannot serve directory /var/www/html/: No matching DirectoryIndex (index.php,index.html) found, and server-generated directory index forbidden by Options directive
[Mon Oct 08 20:21:55.024817 2018] [mpm_prefork:notice] [pid 1] AH00169: caught SIGTERM, shutting down
AH00558: apache2: Could not reliably determine the server's fully qualified domain name, using 172.24.0.3. Set the 'ServerName' directive globally to suppress this message
[Mon Oct 08 20:22:00.702808 2018] [mpm_prefork:notice] [pid 1] AH00163: Apache/2.4.25 (Debian) configured -- resuming normal operations
[Mon Oct 08 20:22:00.703107 2018] [core:notice] [pid 1] AH00094: Command line: 'apache2 -D FOREGROUND'
[Mon Oct 08 20:25:50.578988 2018] [mpm_prefork:notice] [pid 1] AH00169: caught SIGTERM, shutting down
[Mon Oct 08 20:25:56.661678 2018] [mpm_prefork:notice] [pid 1] AH00163: Apache/2.4.25 (Debian) configured -- resuming normal operations
[Mon Oct 08 20:25:56.661998 2018] [core:notice] [pid 1] AH00094: Command line: 'apache2 -D FOREGROUND'
[Mon Oct 08 20:29:28.007014 2018] [mpm_prefork:notice] [pid 1] AH00169: caught SIGTERM, shutting down
[Mon Oct 08 20:29:34.076063 2018] [mpm_prefork:notice] [pid 1] AH00163: Apache/2.4.25 (Debian) configured -- resuming normal operations
[Mon Oct 08 20:29:34.076448 2018] [core:notice] [pid 1] AH00094: Command line: 'apache2 -D FOREGROUND'
[Mon Oct 08 20:30:08.771171 2018] [mpm_prefork:notice] [pid 1] AH00169: caught SIGTERM, shutting down
AH00558: apache2: Could not reliably determine the server's fully qualified domain name, using 172.24.0.3. Set the 'ServerName' directive globally to suppress this message
[Mon Oct 08 20:30:14.441926 2018] [mpm_prefork:notice] [pid 1] AH00163: Apache/2.4.25 (Debian) configured -- resuming normal operations
[Mon Oct 08 20:30:14.442343 2018] [core:notice] [pid 1] AH00094: Command line: 'apache2 -D FOREGROUND'
[Mon Oct 08 20:30:23.925151 2018] [autoindex:error] [pid 16] [client 172.24.0.1:50128] AH01276: Cannot serve directory /var/www/html/: No matching DirectoryIndex (index.php,index.html) found, and server-generated directory index forbidden by Options directive
[Mon Oct 08 20:35:44.405318 2018] [autoindex:error] [pid 19] [client 172.24.0.1:50132] AH01276: Cannot serve directory /var/www/html/: No matching DirectoryIndex (index.php,index.html) found, and server-generated directory index forbidden by Options directive
[Mon Oct 08 20:35:44.965349 2018] [autoindex:error] [pid 19] [client 172.24.0.1:50132] AH01276: Cannot serve directory /var/www/html/: No matching DirectoryIndex (index.php,index.html) found, and server-generated directory index forbidden by Options directive
[Mon Oct 08 20:35:49.496983 2018] [mpm_prefork:notice] [pid 1] AH00169: caught SIGTERM, shutting down
AH00558: apache2: Could not reliably determine the server's fully qualified domain name, using 172.24.0.3. Set the 'ServerName' directive globally to suppress this message
[Mon Oct 08 20:35:56.168909 2018] [mpm_prefork:notice] [pid 1] AH00163: Apache/2.4.25 (Debian) configured -- resuming normal operations
[Mon Oct 08 20:35:56.169228 2018] [core:notice] [pid 1] AH00094: Command line: 'apache2 -D FOREGROUND'
AH00558: apache2: Could not reliably determine the server's fully qualified domain name, using 172.19.0.3. Set the 'ServerName' directive globally to suppress this message
[Tue Oct 09 18:29:43.516560 2018] [mpm_prefork:notice] [pid 1] AH00163: Apache/2.4.25 (Debian) configured -- resuming normal operations
[Tue Oct 09 18:29:43.516943 2018] [core:notice] [pid 1] AH00094: Command line: 'apache2 -D FOREGROUND'
[Tue Oct 09 18:30:18.150165 2018] [mpm_prefork:notice] [pid 1] AH00169: caught SIGTERM, shutting down
AH00558: apache2: Could not reliably determine the server's fully qualified domain name, using 172.19.0.3. Set the 'ServerName' directive globally to suppress this message
[Tue Oct 09 18:30:20.114490 2018] [mpm_prefork:notice] [pid 1] AH00163: Apache/2.4.25 (Debian) configured -- resuming normal operations
[Tue Oct 09 18:30:20.114749 2018] [core:notice] [pid 1] AH00094: Command line: 'apache2 -D FOREGROUND'
[Tue Oct 09 18:35:57.727992 2018] [autoindex:error] [pid 18] [client 172.19.0.1:48194] AH01276: Cannot serve directory /var/www/html/: No matching DirectoryIndex (index.php,index.html) found, and server-generated directory index forbidden by Options directive
[Tue Oct 09 18:36:39.544362 2018] [mpm_prefork:notice] [pid 1] AH00169: caught SIGTERM, shutting down
AH00558: apache2: Could not reliably determine the server's fully qualified domain name, using 172.19.0.3. Set the 'ServerName' directive globally to suppress this message
[Tue Oct 09 18:36:41.739735 2018] [mpm_prefork:notice] [pid 1] AH00163: Apache/2.4.25 (Debian) configured -- resuming normal operations
[Tue Oct 09 18:36:41.740069 2018] [core:notice] [pid 1] AH00094: Command line: 'apache2 -D FOREGROUND'
[Tue Oct 09 18:39:30.812400 2018] [mpm_prefork:notice] [pid 1] AH00169: caught SIGTERM, shutting down
AH00558: apache2: Could not reliably determine the server's fully qualified domain name, using 172.19.0.3. Set the 'ServerName' directive globally to suppress this message
[Tue Oct 09 18:39:48.560185 2018] [mpm_prefork:notice] [pid 1] AH00163: Apache/2.4.25 (Debian) configured -- resuming normal operations
[Tue Oct 09 18:39:48.560446 2018] [core:notice] [pid 1] AH00094: Command line: 'apache2 -D FOREGROUND'
